[ 2014-12-15T23:36:53+08:00 ] 127.0.0.1 /
INFO: [ app_init ] --START--
INFO: Run Behavior\BuildLiteBehavior [ RunTime:0.000037s ]
INFO: [ app_init ] --END-- [ RunTime:0.000242s ]
INFO: [ app_begin ] --START--
INFO: Run Behavior\ReadHtmlCacheBehavior [ RunTime:0.000863s ]
INFO: [ app_begin ] --END-- [ RunTime:0.001062s ]
INFO: [ action_begin ] --START--
INFO: Run Common\Behavior\AuthCheckBehavior [ RunTime:0.001575s ]
INFO: [ action_begin ] --END-- [ RunTime:0.001791s ]

[ 2014-12-15T23:36:53+08:00 ] 127.0.0.1 /index.php?m=&c=public&a=login
INFO: [ app_init ] --START--
INFO: Run Behavior\BuildLiteBehavior [ RunTime:0.000036s ]
INFO: [ app_init ] --END-- [ RunTime:0.000215s ]
INFO: [ app_begin ] --START--
INFO: Run Behavior\ReadHtmlCacheBehavior [ RunTime:0.000828s ]
INFO: [ app_begin ] --END-- [ RunTime:0.001021s ]
INFO: [ action_begin ] --START--
INFO: Run Common\Behavior\AuthCheckBehavior [ RunTime:0.001466s ]
INFO: [ action_begin ] --END-- [ RunTime:0.001667s ]
INFO: [ view_parse ] --START--
INFO: [ template_filter ] --START--
INFO: Run Behavior\ContentReplaceBehavior [ RunTime:0.000364s ]
INFO: [ template_filter ] --END-- [ RunTime:0.000582s ]
SQL: SHOW COLUMNS FROM `think_system_config` [ RunTime:0.0137s ]
SQL: SELECT COUNT(*) AS tp_count FROM `think_system_config` WHERE `code` = 'SYSTEM_NAME' LIMIT 1   [ RunTime:0.0005s ]
SQL: SELECT `val` FROM `think_system_config` WHERE `code` = 'SYSTEM_NAME' LIMIT 1   [ RunTime:0.0004s ]
SQL: SELECT COUNT(*) AS tp_count FROM `think_system_config` WHERE `code` = 'SYSTEM_NAME' LIMIT 1   [ RunTime:0.0005s ]
SQL: SELECT `val` FROM `think_system_config` WHERE `code` = 'SYSTEM_NAME' LIMIT 1   [ RunTime:0.0004s ]
INFO: Run Behavior\ParseTemplateBehavior [ RunTime:0.085819s ]
INFO: [ view_parse ] --END-- [ RunTime:0.085988s ]
INFO: [ view_filter ] --START--
INFO: Run Behavior\WriteHtmlCacheBehavior [ RunTime:0.000731s ]
INFO: [ view_filter ] --END-- [ RunTime:0.000904s ]
INFO: [ app_end ] --START--
INFO: Run Behavior\ShowPageTraceBehavior [ RunTime:0.001024s ]
INFO: [ app_end ] --END-- [ RunTime:0.001214s ]

